# JRE version: OpenJDK Runtime Environment (8.0_202-b03) (build 1.8.0_202-release-1483-b03)
# Java VM: OpenJDK 64-Bit Server VM (25.202-b03 mixed mode windows-amd64 compressed oops)
Heap:
 PSYoungGen      total 235520K, used 92318K [0x00000000d5580000, 0x00000000e5600000, 0x0000000100000000)
  eden space 216576K, 34% used [0x00000000d5580000,0x00000000d9e84e68,0x00000000e2900000)
  from space 18944K, 92% used [0x00000000e4380000,0x00000000e54a2d70,0x00000000e5600000)
  to   space 23040K, 0% used [0x00000000e2900000,0x00000000e2900000,0x00000000e3f80000)
 ParOldGen       total 138240K, used 30310K [0x0000000080000000, 0x0000000088700000, 0x00000000d5580000)
  object space 138240K, 21% used [0x0000000080000000,0x0000000081d99890,0x0000000088700000)
 Metaspace       used 64751K, capacity 67316K, committed 67416K, reserved 1107968K
  class space    used 8717K, capacity 9335K, committed 9344K, reserved 1048576K
GC Heap History (10 events):
Event: 19.774 GC heap before
{Heap before GC invocations=11 (full 2):
 PSYoungGen      total 131584K, used 128000K [0x00000000d5580000, 0x00000000e0180000, 0x0000000100000000)
  eden space 128000K, 100% used [0x00000000d5580000,0x00000000dd280000,0x00000000dd280000)
  from space 3584K, 0% used [0x00000000de000000,0x00000000de000000,0x00000000de380000)
  to   space 13824K, 0% used [0x00000000dd280000,0x00000000dd280000,0x00000000de000000)
 ParOldGen       total 111104K, used 16647K [0x0000000080000000, 0x0000000086c80000, 0x00000000d5580000)
  object space 111104K, 14% used [0x0000000080000000,0x0000000081041f08,0x0000000086c80000)
 Metaspace       used 45995K, capacity 47154K, committed 47320K, reserved 1089536K
  class space    used 6177K, capacity 6569K, committed 6656K, reserved 1048576K
Event: 19.813 GC heap after
Heap after GC invocations=11 (full 2):
 PSYoungGen      total 141824K, used 13823K [0x00000000d5580000, 0x00000000e0f80000, 0x0000000100000000)
  eden space 128000K, 0% used [0x00000000d5580000,0x00000000d5580000,0x00000000dd280000)
  from space 13824K, 99% used [0x00000000dd280000,0x00000000ddfffd10,0x00000000de000000)
  to   space 16896K, 0% used [0x00000000dff00000,0x00000000dff00000,0x00000000e0f80000)
 ParOldGen       total 111104K, used 19315K [0x0000000080000000, 0x0000000086c80000, 0x00000000d5580000)
  object space 111104K, 17% used [0x0000000080000000,0x00000000812dcd58,0x0000000086c80000)
 Metaspace       used 45995K, capacity 47154K, committed 47320K, reserved 1089536K
  class space    used 6177K, capacity 6569K, committed 6656K, reserved 1048576K
}
Event: 25.038 GC heap before
{Heap before GC invocations=12 (full 2):
 PSYoungGen      total 141824K, used 141823K [0x00000000d5580000, 0x00000000e0f80000, 0x0000000100000000)
  eden space 128000K, 100% used [0x00000000d5580000,0x00000000dd280000,0x00000000dd280000)
  from space 13824K, 99% used [0x00000000dd280000,0x00000000ddfffd10,0x00000000de000000)
  to   space 16896K, 0% used [0x00000000dff00000,0x00000000dff00000,0x00000000e0f80000)
 ParOldGen       total 111104K, used 19315K [0x0000000080000000, 0x0000000086c80000, 0x00000000d5580000)
  object space 111104K, 17% used [0x0000000080000000,0x00000000812dcd58,0x0000000086c80000)
 Metaspace       used 56708K, capacity 58228K, committed 58584K, reserved 1099776K
  class space    used 7632K, capacity 8080K, committed 8192K, reserved 1048576K
Event: 25.063 GC heap after
Heap after GC invocations=12 (full 2):
 PSYoungGen      total 169984K, used 16880K [0x00000000d5580000, 0x00000000e1400000, 0x0000000100000000)
  eden space 153088K, 0% used [0x00000000d5580000,0x00000000d5580000,0x00000000deb00000)
  from space 16896K, 99% used [0x00000000dff00000,0x00000000e0f7c3e0,0x00000000e0f80000)
  to   space 20480K, 0% used [0x00000000deb00000,0x00000000deb00000,0x00000000dff00000)
 ParOldGen       total 111104K, used 23458K [0x0000000080000000, 0x0000000086c80000, 0x00000000d5580000)
  object space 111104K, 21% used [0x0000000080000000,0x00000000816e89c0,0x0000000086c80000)
 Metaspace       used 56708K, capacity 58228K, committed 58584K, reserved 1099776K
  class space    used 7632K, capacity 8080K, committed 8192K, reserved 1048576K
}
Event: 25.148 GC heap before
{Heap before GC invocations=13 (full 2):
 PSYoungGen      total 169984K, used 34688K [0x00000000d5580000, 0x00000000e1400000, 0x0000000100000000)
  eden space 153088K, 11% used [0x00000000d5580000,0x00000000d66e3da8,0x00000000deb00000)
  from space 16896K, 99% used [0x00000000dff00000,0x00000000e0f7c3e0,0x00000000e0f80000)
  to   space 20480K, 0% used [0x00000000deb00000,0x00000000deb00000,0x00000000dff00000)
 ParOldGen       total 111104K, used 23458K [0x0000000080000000, 0x0000000086c80000, 0x00000000d5580000)
  object space 111104K, 21% used [0x0000000080000000,0x00000000816e89c0,0x0000000086c80000)
 Metaspace       used 57410K, capacity 58900K, committed 59028K, reserved 1099776K
  class space    used 7729K, capacity 8176K, committed 8192K, reserved 1048576K
Event: 25.171 GC heap after
Heap after GC invocations=13 (full 2):
 PSYoungGen      total 173568K, used 15315K [0x00000000d5580000, 0x00000000e5880000, 0x0000000100000000)
  eden space 153088K, 0% used [0x00000000d5580000,0x00000000d5580000,0x00000000deb00000)
  from space 20480K, 74% used [0x00000000deb00000,0x00000000df9f4c00,0x00000000dff00000)
  to   space 21504K, 0% used [0x00000000e4380000,0x00000000e4380000,0x00000000e5880000)
 ParOldGen       total 111104K, used 23466K [0x0000000080000000, 0x0000000086c80000, 0x00000000d5580000)
  object space 111104K, 21% used [0x0000000080000000,0x00000000816ea9c0,0x0000000086c80000)
 Metaspace       used 57410K, capacity 58900K, committed 59028K, reserved 1099776K
  class space    used 7729K, capacity 8176K, committed 8192K, reserved 1048576K
}
Event: 25.171 GC heap before
{Heap before GC invocations=14 (full 3):
 PSYoungGen      total 173568K, used 15315K [0x00000000d5580000, 0x00000000e5880000, 0x0000000100000000)
  eden space 153088K, 0% used [0x00000000d5580000,0x00000000d5580000,0x00000000deb00000)
  from space 20480K, 74% used [0x00000000deb00000,0x00000000df9f4c00,0x00000000dff00000)
  to   space 21504K, 0% used [0x00000000e4380000,0x00000000e4380000,0x00000000e5880000)
 ParOldGen       total 111104K, used 23466K [0x0000000080000000, 0x0000000086c80000, 0x00000000d5580000)
  object space 111104K, 21% used [0x0000000080000000,0x00000000816ea9c0,0x0000000086c80000)
 Metaspace       used 57410K, capacity 58900K, committed 59028K, reserved 1099776K
  class space    used 7729K, capacity 8176K, committed 8192K, reserved 1048576K
Event: 25.410 GC heap after
Heap after GC invocations=14 (full 3):
 PSYoungGen      total 173568K, used 0K [0x00000000d5580000, 0x00000000e5880000, 0x0000000100000000)
  eden space 153088K, 0% used [0x00000000d5580000,0x00000000d5580000,0x00000000deb00000)
  from space 20480K, 0% used [0x00000000deb00000,0x00000000deb00000,0x00000000dff00000)
  to   space 21504K, 0% used [0x00000000e4380000,0x00000000e4380000,0x00000000e5880000)
 ParOldGen       total 138240K, used 30302K [0x0000000080000000, 0x0000000088700000, 0x00000000d5580000)
  object space 138240K, 21% used [0x0000000080000000,0x0000000081d97890,0x0000000088700000)
 Metaspace       used 57410K, capacity 58900K, committed 59028K, reserved 1099776K
  class space    used 7729K, capacity 8176K, committed 8192K, reserved 1048576K
}
Event: 28.669 GC heap before
{Heap before GC invocations=15 (full 3):
 PSYoungGen      total 173568K, used 153088K [0x00000000d5580000, 0x00000000e5880000, 0x0000000100000000)
  eden space 153088K, 100% used [0x00000000d5580000,0x00000000deb00000,0x00000000deb00000)
  from space 20480K, 0% used [0x00000000deb00000,0x00000000deb00000,0x00000000dff00000)
  to   space 21504K, 0% used [0x00000000e4380000,0x00000000e4380000,0x00000000e5880000)
 ParOldGen       total 138240K, used 30302K [0x0000000080000000, 0x0000000088700000, 0x00000000d5580000)
  object space 138240K, 21% used [0x0000000080000000,0x0000000081d97890,0x0000000088700000)
 Metaspace       used 63516K, capacity 65858K, committed 66008K, reserved 1105920K
  class space    used 8570K, capacity 9196K, committed 9216K, reserved 1048576K
Event: 28.688 GC heap after
Heap after GC invocations=15 (full 3):
 PSYoungGen      total 235520K, used 17547K [0x00000000d5580000, 0x00000000e5600000, 0x0000000100000000)
  eden space 216576K, 0% used [0x00000000d5580000,0x00000000d5580000,0x00000000e2900000)
  from space 18944K, 92% used [0x00000000e4380000,0x00000000e54a2d70,0x00000000e5600000)
  to   space 23040K, 0% used [0x00000000e2900000,0x00000000e2900000,0x00000000e3f80000)
 ParOldGen       total 138240K, used 30310K [0x0000000080000000, 0x0000000088700000, 0x00000000d5580000)
  object space 138240K, 21% used [0x0000000080000000,0x0000000081d99890,0x0000000088700000)
 Metaspace       used 63516K, capacity 65858K, committed 66008K, reserved 1105920K
  class space    used 8570K, capacity 9196K, committed 9216K, reserved 1048576K
}

